Release 14.7 - xst P.20131013 (lin64)
Copyright (c) 1995-2013 Xilinx, Inc.  All rights reserved.
--> 
Parameter TMPDIR set to xst/projnav.tmp


Total REAL time to Xst completion: 0.00 secs
Total CPU time to Xst completion: 0.04 secs
 
--> 
Parameter xsthdpdir set to xst


Total REAL time to Xst completion: 0.00 secs
Total CPU time to Xst completion: 0.04 secs
 
--> 
Reading design: SSegDriver.prj

TABLE OF CONTENTS
  1) Synthesis Options Summary
  2) HDL Compilation
  3) Design Hierarchy Analysis
  4) HDL Analysis
  5) HDL Synthesis
     5.1) HDL Synthesis Report
  6) Advanced HDL Synthesis
     6.1) Advanced HDL Synthesis Report
  7) Low Level Synthesis
  8) Partition Report
  9) Final Report
	9.1) Device utilization summary
	9.2) Partition Resource Summary
	9.3) TIMING REPORT


=========================================================================
*                      Synthesis Options Summary                        *
=========================================================================
---- Source Parameters
Input File Name                    : "SSegDriver.prj"
Input Format                       : mixed
Ignore Synthesis Constraint File   : NO

---- Target Parameters
Output File Name                   : "SSegDriver"
Output Format                      : NGC
Target Device                      : xc3s500e-4-fg320

---- Source Options
Top Module Name                    : SSegDriver
Automatic FSM Extraction           : YES
FSM Encoding Algorithm             : Auto
Safe Implementation                : No
FSM Style                          : LUT
RAM Extraction                     : Yes
RAM Style                          : Auto
ROM Extraction                     : Yes
Mux Style                          : Auto
Decoder Extraction                 : YES
Priority Encoder Extraction        : Yes
Shift Register Extraction          : YES
Logical Shifter Extraction         : YES
XOR Collapsing                     : YES
ROM Style                          : Auto
Mux Extraction                     : Yes
Resource Sharing                   : YES
Asynchronous To Synchronous        : NO
Multiplier Style                   : Auto
Automatic Register Balancing       : No

---- Target Options
Add IO Buffers                     : YES
Global Maximum Fanout              : 500
Add Generic Clock Buffer(BUFG)     : 24
Register Duplication               : YES
Slice Packing                      : YES
Optimize Instantiated Primitives   : NO
Use Clock Enable                   : Yes
Use Synchronous Set                : Yes
Use Synchronous Reset              : Yes
Pack IO Registers into IOBs        : Auto
Equivalent register Removal        : YES

---- General Options
Optimization Goal                  : Speed
Optimization Effort                : 1
Keep Hierarchy                     : No
Netlist Hierarchy                  : As_Optimized
RTL Output                         : Yes
Global Optimization                : AllClockNets
Read Cores                         : YES
Write Timing Constraints           : NO
Cross Clock Analysis               : NO
Hierarchy Separator                : /
Bus Delimiter                      : <>
Case Specifier                     : Maintain
Slice Utilization Ratio            : 100
BRAM Utilization Ratio             : 100
Verilog 2001                       : YES
Auto BRAM Packing                  : NO
Slice Utilization Ratio Delta      : 5

=========================================================================


=========================================================================
*                          HDL Compilation                              *
=========================================================================
Compiling vhdl file "/home/dan/ECE368-Lab/Lab 2/SevenSegmentDisplay/SevenSeg.vhd" in Library work.
Entity <SSegDriver> compiled.
Entity <SSegDriver> (Architecture <Behavioral>) compiled.

=========================================================================
*                     Design Hierarchy Analysis                         *
=========================================================================
Analyzing hierarchy for entity <SSegDriver> in library <work> (architecture <Behavioral>).


=========================================================================
*                            HDL Analysis                               *
=========================================================================
Analyzing Entity <SSegDriver> in library <work> (Architecture <Behavioral>).
WARNING:Xst:819 - "/home/dan/ECE368-Lab/Lab 2/SevenSegmentDisplay/SevenSeg.vhd" line 98: One or more signals are missing in the process sensitivity list. To enable synthesis of FPGA/CPLD hardware, XST will assume that all necessary signals are present in the sensitivity list. Please note that the result of the synthesis may differ from the initial design specification. The missing signals are:
   <clk240hz>
INFO:Xst:1561 - "/home/dan/ECE368-Lab/Lab 2/SevenSegmentDisplay/SevenSeg.vhd" line 120: Mux is complete : default of case is discarded
Entity <SSegDriver> analyzed. Unit <SSegDriver> generated.


=========================================================================
*                           HDL Synthesis                               *
=========================================================================

Performing bidirectional port resolution...

Synthesizing Unit <SSegDriver>.
    Related source file is "/home/dan/ECE368-Lab/Lab 2/SevenSegmentDisplay/SevenSeg.vhd".
WARNING:Xst:647 - Input <COL_EN> is never used. This port will be preserved and left unconnected if it belongs to a top-level block or it belongs to a sub-block and the hierarchy of this sub-block is preserved.
    Found 16x7-bit ROM for signal <segnum>.
    Found 4x4-bit ROM for signal <AN_OUT$mux0001> created at line 104.
    Found 1-bit register for signal <DP_OUT>.
    Found 4-bit register for signal <AN_OUT>.
    Found 1-bit register for signal <clk240hz>.
    Found 17-bit up counter for signal <count240hz>.
    Found 1-bit 4-to-1 multiplexer for signal <DP_OUT$mux0001> created at line 104.
    Found 4-bit register for signal <hexnum>.
    Found 4-bit 4-to-1 multiplexer for signal <hexnum$mux0001> created at line 104.
    Found 2-bit up counter for signal <pos>.
    Summary:
	inferred   2 ROM(s).
	inferred   2 Counter(s).
	inferred  10 D-type flip-flop(s).
	inferred   5 Multiplexer(s).
Unit <SSegDriver> synthesized.


=========================================================================
HDL Synthesis Report

Macro Statistics
# ROMs                                                 : 2
 16x7-bit ROM                                          : 1
 4x4-bit ROM                                           : 1
# Counters                                             : 2
 17-bit up counter                                     : 1
 2-bit up counter                                      : 1
# Registers                                            : 4
 1-bit register                                        : 2
 4-bit register                                        : 2
# Multiplexers                                         : 2
 1-bit 4-to-1 multiplexer                              : 1
 4-bit 4-to-1 multiplexer                              : 1

=========================================================================

=========================================================================
*                       Advanced HDL Synthesis                          *
=========================================================================


=========================================================================
Advanced HDL Synthesis Report

Macro Statistics
# ROMs                                                 : 2
 16x7-bit ROM                                          : 1
 4x4-bit ROM                                           : 1
# Counters                                             : 2
 17-bit up counter                                     : 1
 2-bit up counter                                      : 1
# Registers                                            : 10
 Flip-Flops                                            : 10
# Multiplexers                                         : 2
 1-bit 4-to-1 multiplexer                              : 1
 4-bit 4-to-1 multiplexer                              : 1

=========================================================================

=========================================================================
*                         Low Level Synthesis                           *
=========================================================================

Optimizing unit <SSegDriver> ...

Mapping all equations...
Building and optimizing final netlist ...
Found area constraint ratio of 100 (+ 5) on block SSegDriver, actual ratio is 0.

Final Macro Processing ...

=========================================================================
Final Register Report

Macro Statistics
# Registers                                            : 29
 Flip-Flops                                            : 29

=========================================================================

=========================================================================
*                           Partition Report                            *
=========================================================================

Partition Implementation Status
-------------------------------

  No Partitions were found in this design.

-------------------------------

=========================================================================
*                            Final Report                               *
=========================================================================
Final Results
RTL Top Level Output File Name     : SSegDriver.ngr
Top Level Output File Name         : SSegDriver
Output Format                      : NGC
Optimization Goal                  : Speed
Keep Hierarchy                     : No

Design Statistics
# IOs                              : 36

Cell Usage :
# BELS                             : 109
#      GND                         : 1
#      INV                         : 4
#      LUT1                        : 16
#      LUT2                        : 23
#      LUT3                        : 10
#      LUT4                        : 11
#      MUXCY                       : 21
#      MUXF5                       : 5
#      VCC                         : 1
#      XORCY                       : 17
# FlipFlops/Latches                : 29
#      FDC                         : 10
#      FDCE                        : 18
#      FDP                         : 1
# Clock Buffers                    : 1
#      BUFGP                       : 1
# IO Buffers                       : 34
#      IBUF                        : 22
#      OBUF                        : 12
=========================================================================

Device utilization summary:
---------------------------

Selected Device : 3s500efg320-4 

 Number of Slices:                       34  out of   4656     0%  
 Number of Slice Flip Flops:             29  out of   9312     0%  
 Number of 4 input LUTs:                 64  out of   9312     0%  
 Number of IOs:                          36
 Number of bonded IOBs:                  35  out of    232    15%  
 Number of GCLKs:                         1  out of     24     4%  

---------------------------
Partition Resource Summary:
---------------------------

  No Partitions were found in this design.

---------------------------


=========================================================================
TIMING REPORT

NOTE: THESE TIMING NUMBERS ARE ONLY A SYNTHESIS ESTIMATE.
      FOR ACCURATE TIMING INFORMATION PLEASE REFER TO THE TRACE REPORT
      GENERATED AFTER PLACE-and-ROUTE.

Clock Information:
------------------
-----------------------------------+------------------------+-------+
Clock Signal                       | Clock buffer(FF name)  | Load  |
-----------------------------------+------------------------+-------+
CLK                                | BUFGP                  | 18    |
clk240hz                           | NONE(hexnum_0)         | 11    |
-----------------------------------+------------------------+-------+
INFO:Xst:2169 - HDL ADVISOR - Some clock signals were not automatically buffered by XST with BUFG/BUFR resources. Please use the buffer_type constraint in order to insert these buffers to the clock signals to help prevent skew problems.

Asynchronous Control Signals Information:
----------------------------------------
-----------------------------------+------------------------+-------+
Control Signal                     | Buffer(FF name)        | Load  |
-----------------------------------+------------------------+-------+
RST                                | IBUF                   | 29    |
-----------------------------------+------------------------+-------+

Timing Summary:
---------------
Speed Grade: -4

   Minimum period: 5.784ns (Maximum Frequency: 172.891MHz)
   Minimum input arrival time before clock: 4.140ns
   Maximum output required time after clock: 5.870ns
   Maximum combinational path delay: No path found

Timing Detail:
--------------
All values displayed in nanoseconds (ns)

=========================================================================
Timing constraint: Default period analysis for Clock 'CLK'
  Clock period: 5.784ns (frequency: 172.891MHz)
  Total number of paths / destination ports: 460 / 19
-------------------------------------------------------------------------
Delay:               5.784ns (Levels of Logic = 6)
  Source:            count240hz_5 (FF)
  Destination:       clk240hz (FF)
  Source Clock:      CLK rising
  Destination Clock: CLK rising

  Data Path: count240hz_5 to clk240hz
                                Gate     Net
    Cell:in->out      fanout   Delay   Delay  Logical Name (Net Name)
    ----------------------------------------  ------------
     FDCE:C->Q             2   0.591   0.622  count240hz_5 (count240hz_5)
     LUT4:I0->O            1   0.704   0.000  count240hz_cmp_eq0000_wg_lut<1> (count240hz_cmp_eq0000_wg_lut<1>)
     MUXCY:S->O            1   0.464   0.000  count240hz_cmp_eq0000_wg_cy<1> (count240hz_cmp_eq0000_wg_cy<1>)
     MUXCY:CI->O           1   0.059   0.000  count240hz_cmp_eq0000_wg_cy<2> (count240hz_cmp_eq0000_wg_cy<2>)
     MUXCY:CI->O           1   0.059   0.000  count240hz_cmp_eq0000_wg_cy<3> (count240hz_cmp_eq0000_wg_cy<3>)
     MUXCY:CI->O          18   0.459   1.147  count240hz_cmp_eq0000_wg_cy<4> (count240hz_cmp_eq0000)
     LUT2:I1->O            1   0.704   0.420  clk240hz_not00011 (clk240hz_not0001)
     FDCE:CE                   0.555          clk240hz
    ----------------------------------------
    Total                      5.784ns (3.595ns logic, 2.189ns route)
                                       (62.2% logic, 37.8% route)

=========================================================================
Timing constraint: Default period analysis for Clock 'clk240hz'
  Clock period: 3.133ns (frequency: 319.183MHz)
  Total number of paths / destination ports: 26 / 11
-------------------------------------------------------------------------
Delay:               3.133ns (Levels of Logic = 2)
  Source:            pos_0 (FF)
  Destination:       hexnum_0 (FF)
  Source Clock:      clk240hz rising
  Destination Clock: clk240hz rising

  Data Path: pos_0 to hexnum_0
                                Gate     Net
    Cell:in->out      fanout   Delay   Delay  Logical Name (Net Name)
    ----------------------------------------  ------------
     FDC:C->Q             16   0.591   1.209  pos_0 (pos_0)
     LUT3:I0->O            1   0.704   0.000  Mmux_DP_OUT_mux0001_3 (Mmux_DP_OUT_mux0001_3)
     MUXF5:I1->O           1   0.321   0.000  Mmux_DP_OUT_mux0001_2_f5 (DP_OUT_mux0001)
     FDP:D                     0.308          DP_OUT
    ----------------------------------------
    Total                      3.133ns (1.924ns logic, 1.209ns route)
                                       (61.4% logic, 38.6% route)

=========================================================================
Timing constraint: Default OFFSET IN BEFORE for Clock 'CLK'
  Total number of paths / destination ports: 18 / 18
-------------------------------------------------------------------------
Offset:              4.140ns (Levels of Logic = 2)
  Source:            EN (PAD)
  Destination:       clk240hz (FF)
  Destination Clock: CLK rising

  Data Path: EN to clk240hz
                                Gate     Net
    Cell:in->out      fanout   Delay   Delay  Logical Name (Net Name)
    ----------------------------------------  ------------
     IBUF:I->O            18   1.218   1.243  EN_IBUF (EN_IBUF)
     LUT2:I0->O            1   0.704   0.420  clk240hz_not00011 (clk240hz_not0001)
     FDCE:CE                   0.555          clk240hz
    ----------------------------------------
    Total                      4.140ns (2.477ns logic, 1.663ns route)
                                       (59.8% logic, 40.2% route)

=========================================================================
Timing constraint: Default OFFSET IN BEFORE for Clock 'clk240hz'
  Total number of paths / destination ports: 20 / 5
-------------------------------------------------------------------------
Offset:              3.050ns (Levels of Logic = 3)
  Source:            SEG_0<0> (PAD)
  Destination:       hexnum_0 (FF)
  Destination Clock: clk240hz rising

  Data Path: SEG_0<0> to hexnum_0
                                Gate     Net
    Cell:in->out      fanout   Delay   Delay  Logical Name (Net Name)
    ----------------------------------------  ------------
     IBUF:I->O             1   1.218   0.499  SEG_0_0_IBUF (SEG_0_0_IBUF)
     LUT3:I1->O            1   0.704   0.000  Mmux_hexnum_mux0001_4 (Mmux_hexnum_mux0001_4)
     MUXF5:I0->O           1   0.321   0.000  Mmux_hexnum_mux0001_2_f5 (hexnum_mux0001<0>)
     FDC:D                     0.308          hexnum_0
    ----------------------------------------
    Total                      3.050ns (2.551ns logic, 0.499ns route)
                                       (83.6% logic, 16.4% route)

=========================================================================
Timing constraint: Default OFFSET OUT AFTER for Clock 'clk240hz'
  Total number of paths / destination ports: 33 / 12
-------------------------------------------------------------------------
Offset:              5.870ns (Levels of Logic = 2)
  Source:            hexnum_1 (FF)
  Destination:       SEG_OUT<6> (PAD)
  Source Clock:      clk240hz rising

  Data Path: hexnum_1 to SEG_OUT<6>
                                Gate     Net
    Cell:in->out      fanout   Delay   Delay  Logical Name (Net Name)
    ----------------------------------------  ------------
     FDC:C->Q              7   0.591   0.883  hexnum_1 (hexnum_1)
     LUT4:I0->O            1   0.704   0.420  Mrom_segnum21 (SEG_OUT_2_OBUF)
     OBUF:I->O                 3.272          SEG_OUT_2_OBUF (SEG_OUT<2>)
    ----------------------------------------
    Total                      5.870ns (4.567ns logic, 1.303ns route)
                                       (77.8% logic, 22.2% route)

=========================================================================


Total REAL time to Xst completion: 3.00 secs
Total CPU time to Xst completion: 3.28 secs
 
--> 


Total memory usage is 516792 kilobytes

Number of errors   :    0 (   0 filtered)
Number of warnings :    2 (   0 filtered)
Number of infos    :    2 (   0 filtered)

