#-----------------------------------------------------------
# PlanAhead v14.7 (64-bit)
# Build 321239 by xbuild on Fri Sep 27 19:24:36 MDT 2013
# Start of session at: Tue Feb 16 22:56:58 2016
# Process ID: 7448
# Log file: /home/bobby/DigitalDesign/FinalALU/planAhead_run_1/planAhead.log
# Journal file: /home/bobby/DigitalDesign/FinalALU/planAhead_run_1/planAhead.jou
#-----------------------------------------------------------
INFO: [Common 17-78] Attempting to get a license: PlanAhead
INFO: [Common 17-290] Got license for PlanAhead
INFO: [Device 21-36] Loading parts and site information from /opt/Xilinx/14.7/ISE_DS/PlanAhead/data/parts/arch.xml
Parsing RTL primitives file [/opt/Xilinx/14.7/ISE_DS/PlanAhead/data/parts/xilinx/rtl/prims/rtl_prims.xml]
Finished parsing RTL primitives file [/opt/Xilinx/14.7/ISE_DS/PlanAhead/data/parts/xilinx/rtl/prims/rtl_prims.xml]
start_gui
source /home/bobby/DigitalDesign/FinalALU/pa.fromNetlist.tcl
# create_project -name FinalALU -dir "/home/bobby/DigitalDesign/FinalALU/planAhead_run_1" -part xc3s500efg320-4
# set_property design_mode GateLvl [get_property srcset [current_run -impl]]
# set_property edif_top_file "/home/bobby/DigitalDesign/FinalALU/FinalBehavior.ngc" [ get_property srcset [ current_run ] ]
# add_files -norecurse { {/home/bobby/DigitalDesign/FinalALU} }
# set_property target_constrs_file "/home/bobby/DigitalDesign/FinalALU/Lab 2/SevenSegmentDisplay/SevenSeg_toplevel.ucf" [current_fileset -constrset]
Adding file '/home/bobby/DigitalDesign/FinalALU/Lab 2/SevenSegmentDisplay/SevenSeg_toplevel.ucf' to fileset 'constrs_1'
# add_files [list {/home/bobby/DigitalDesign/FinalALU/Lab 2/SevenSegmentDisplay/SevenSeg_toplevel.ucf}] -fileset [get_property constrset [current_run]]
# link_design
Design is defaulting to srcset: sources_1
Design is defaulting to constrset: constrs_1
Design is defaulting to project part: xc3s500efg320-4
Release 14.7 - ngc2edif P.20131013 (lin64)
Copyright (c) 1995-2013 Xilinx, Inc.  All rights reserved.

Release 14.7 - ngc2edif P.20131013 (lin64)
Copyright (c) 1995-2013 Xilinx, Inc.  All rights reserved.
Reading design FinalBehavior.ngc ...
WARNING:NetListWriters:298 - No output is written to FinalBehavior.xncf,
   ignored.
Processing design ...
   Preping design's networks ...
   Preping design's macros ...
  finished :Prep
Writing EDIF netlist file FinalBehavior.edif ...
ngc2edif: Total memory usage is 103976 kilobytes

Parsing EDIF File [./planAhead_run_1/FinalALU.data/cache/FinalBehavior_ngc_9acee574.edif]
Finished Parsing EDIF File [./planAhead_run_1/FinalALU.data/cache/FinalBehavior_ngc_9acee574.edif]
INFO: [Designutils 20-910] Reading macro library /opt/Xilinx/14.7/ISE_DS/PlanAhead/data/./parts/xilinx/spartan3e/spartan3e/hd_int_macros.edn
Parsing EDIF File [/opt/Xilinx/14.7/ISE_DS/PlanAhead/data/./parts/xilinx/spartan3e/spartan3e/hd_int_macros.edn]
Finished Parsing EDIF File [/opt/Xilinx/14.7/ISE_DS/PlanAhead/data/./parts/xilinx/spartan3e/spartan3e/hd_int_macros.edn]
Loading clock regions from /opt/Xilinx/14.7/ISE_DS/PlanAhead/data/parts/xilinx/spartan3e/spartan3e/xc3s500e/ClockRegion.xml
Loading clock buffers from /opt/Xilinx/14.7/ISE_DS/PlanAhead/data/parts/xilinx/spartan3e/spartan3e/xc3s500e/ClockBuffers.xml
Loading package from /opt/Xilinx/14.7/ISE_DS/PlanAhead/data/parts/xilinx/spartan3e/spartan3e/xc3s500e/fg320/Package.xml
Loading io standards from /opt/Xilinx/14.7/ISE_DS/PlanAhead/data/./parts/xilinx/spartan3e/IOStandards.xml
INFO: [Device 21-19] Loading pkg sso from /opt/Xilinx/14.7/ISE_DS/PlanAhead/data/parts/xilinx/spartan3e/spartan3e/xc3s500e/fg320/SSORules.xml
Loading list of drcs for the architecture : /opt/Xilinx/14.7/ISE_DS/PlanAhead/data/./parts/xilinx/spartan3e/spartan3e/drc.xml
INFO: [Timing 38-77] Reading timing library /opt/Xilinx/14.7/ISE_DS/PlanAhead/data/parts/xilinx/spartan3e/spartan3e/spartan3e-4.lib.
INFO: [Timing 38-34] Done reading timing library /opt/Xilinx/14.7/ISE_DS/PlanAhead/data/parts/xilinx/spartan3e/spartan3e/spartan3e-4.lib.
Parsing UCF File [/home/bobby/DigitalDesign/FinalALU/Lab 2/SevenSegmentDisplay/SevenSeg_toplevel.ucf]
CRITICAL WARNING: [Constraints 18-11] Could not find net or pin 'LED<0>' [/home/bobby/DigitalDesign/FinalALU/Lab 2/SevenSegmentDisplay/SevenSeg_toplevel.ucf:48]
CRITICAL WARNING: [Constraints 18-11] Could not find net or pin 'LED<1>' [/home/bobby/DigitalDesign/FinalALU/Lab 2/SevenSegmentDisplay/SevenSeg_toplevel.ucf:49]
CRITICAL WARNING: [Constraints 18-11] Could not find net or pin 'LED<2>' [/home/bobby/DigitalDesign/FinalALU/Lab 2/SevenSegmentDisplay/SevenSeg_toplevel.ucf:50]
CRITICAL WARNING: [Constraints 18-11] Could not find net or pin 'LED<3>' [/home/bobby/DigitalDesign/FinalALU/Lab 2/SevenSegmentDisplay/SevenSeg_toplevel.ucf:51]
CRITICAL WARNING: [Constraints 18-11] Could not find net or pin 'LED<4>' [/home/bobby/DigitalDesign/FinalALU/Lab 2/SevenSegmentDisplay/SevenSeg_toplevel.ucf:52]
CRITICAL WARNING: [Constraints 18-11] Could not find net or pin 'LED<5>' [/home/bobby/DigitalDesign/FinalALU/Lab 2/SevenSegmentDisplay/SevenSeg_toplevel.ucf:53]
CRITICAL WARNING: [Constraints 18-11] Could not find net or pin 'LED<6>' [/home/bobby/DigitalDesign/FinalALU/Lab 2/SevenSegmentDisplay/SevenSeg_toplevel.ucf:54]
CRITICAL WARNING: [Constraints 18-11] Could not find net or pin 'LED<7>' [/home/bobby/DigitalDesign/FinalALU/Lab 2/SevenSegmentDisplay/SevenSeg_toplevel.ucf:55]
Finished Parsing UCF File [/home/bobby/DigitalDesign/FinalALU/Lab 2/SevenSegmentDisplay/SevenSeg_toplevel.ucf]
INFO: [Designutils 20-20] Invalid constraints found, use command 'write_ucf -constraints invalid <file>' to save all the invalid constraints to a file
INFO: [Project 1-111] Unisim Transformation Summary:
No Unisim elements were transformed.

Phase 0 | Netlist Checksum: 8e879994
link_design: Time (s): cpu = 00:00:11 ; elapsed = 00:00:07 . Memory (MB): peak = 2824.828 ; gain = 127.086
exit
ERROR: [#UNDEF] *** Exception: ui.h.b: Found deleted key in HTclEventBroker. Verify if the classes listed here call cleanup()
HTclEvent: SIGNAL_BUS_MODIFY   Classes: ui.views.aR 
HTclEvent: DEBUG_PORT_CONFIG_CHANGE   Classes: ui.views.aR 
HTclEvent: DEBUG_CORE_CONFIG_CHANGE   Classes: ui.views.aR 
HTclEvent: SIGNAL_MODIFY   Classes: ui.views.aR 
 (See /home/bobby/DigitalDesign/FinalALU/planAhead_pid7448.debug)
ERROR: [Common 17-39] 'stop_gui' failed due to earlier errors.
INFO: [Common 17-206] Exiting PlanAhead at Tue Feb 16 22:57:57 2016...
INFO: [Common 17-83] Releasing license: PlanAhead
